<?xml version="1.0" encoding="UTF-8"?>
<!-- Generated by org.testng.reporters.JUnitReportReporter -->
<testsuite hostname="LAPTOP-ERPPF1UC" failures="0" tests="3" name="practise.PractiseForExtentReport" time="3.793" errors="0" timestamp="2024-06-03T11:39:07 IST" skipped="0">
  <testcase classname="practise.PractiseForExtentReport" name="createContactwithphno" time="0.004"/>
  <system-out/>
  <testcase classname="practise.PractiseForExtentReport" name="createContactwithORG" time="0.002"/>
  <system-out/>
  <testcase classname="practise.PractiseForExtentReport" name="createContact" time="3.787"/>
  <system-out/>
</testsuite> <!-- practise.PractiseForExtentReport -->
