<?xml version="1.0" encoding="UTF-8"?>
<!-- Generated by org.testng.reporters.JUnitReportReporter -->
<testsuite hostname="LAPTOP-ERPPF1UC" failures="0" tests="1" name="verifyBookAddToCart.BooksAddToCartVerify" time="426.590" errors="0" timestamp="2024-06-05T12:01:35 IST" skipped="0">
  <testcase classname="verifyBookAddToCart.BooksAddToCartVerify" name="AddToBook" time="426.590"/>
  <system-out/>
</testsuite> <!-- verifyBookAddToCart.BooksAddToCartVerify -->
