<?xml version="1.0" encoding="UTF-8"?>
<!-- Generated by org.testng.reporters.JUnitReportReporter -->
<testsuite hostname="LAPTOP-ERPPF1UC" failures="0" tests="2" name="practise.InvoiceTest" time="9.282" errors="0" timestamp="2024-05-30T15:56:04 IST" skipped="0">
  <testcase classname="practise.InvoiceTest" name="ComputersAddToCartVerify" time="5.471"/>
  <system-out/>
  <testcase classname="practise.InvoiceTest" name="BooksAddToCartVerify" time="3.811"/>
  <system-out/>
</testsuite> <!-- practise.InvoiceTest -->
