<?xml version="1.0" encoding="UTF-8"?>
<!-- Generated by org.testng.reporters.JUnitReportReporter -->
<testsuite hostname="LAPTOP-ERPPF1UC" failures="0" tests="1" name="verifyComputersAddToCart.ComputersAddToCartVerify" time="24.864" errors="0" timestamp="2024-05-30T12:47:09 IST" skipped="0">
  <testcase classname="verifyComputersAddToCart.ComputersAddToCartVerify" name="AddToComputers" time="24.864"/>
  <system-out/>
</testsuite> <!-- verifyComputersAddToCart.ComputersAddToCartVerify -->
