<?xml version="1.0" encoding="UTF-8"?>
<!-- Generated by org.testng.reporters.JUnitReportReporter -->
<testsuite hostname="LAPTOP-ERPPF1UC" failures="0" tests="1" name="practise.TestScript" time="8.983" errors="0" timestamp="2024-06-05T11:40:38 IST" skipped="0">
  <testcase classname="practise.TestScript" name="clickOnBooks" time="8.983"/>
  <system-out/>
</testsuite> <!-- practise.TestScript -->
